Watching for file changes with StatReloader
/code/manage.py changed, reloading.
Watching for file changes with StatReloader
Watching for file changes with StatReloader
"GET /admin/ HTTP/1.1" 302 0
"GET /admin/login/?next=/admin/ HTTP/1.1" 200 2214
"GET /static/admin/css/base.css HTTP/1.1" 200 19513
"GET /static/admin/css/nav_sidebar.css HTTP/1.1" 200 2271
"GET /static/admin/css/responsive.css HTTP/1.1" 200 18545
"GET /static/admin/css/fonts.css HTTP/1.1" 200 423
"GET /static/admin/js/nav_sidebar.js HTTP/1.1" 200 1360
"GET /static/admin/css/login.css HTTP/1.1" 200 939
"GET /static/admin/fonts/Roboto-Light-webfont.woff HTTP/1.1" 304 0
"GET /static/admin/fonts/Roboto-Regular-webfont.woff HTTP/1.1" 304 0
Not Found: /favicon.ico
"GET /favicon.ico HTTP/1.1" 404 2099
"POST /admin/login/?next=/admin/ HTTP/1.1" 200 2376
"GET /static/admin/fonts/Roboto-Bold-webfont.woff HTTP/1.1" 304 0
"GET /api/encender/central HTTP/1.1" 200 12
"GET /api/apagar/central HTTP/1.1" 200 12
/code/manage.py changed, reloading.
Watching for file changes with StatReloader
Watching for file changes with StatReloader
Watching for file changes with StatReloader
Internal Server Error: /api/brillo/central/50
Traceback (most recent call last):
  File "/usr/local/lib/python3.7/site-packages/django/core/handlers/exception.py", line 47, in inner
    response = get_response(request)
  File "/usr/local/lib/python3.7/site-packages/django/core/handlers/base.py", line 188, in _get_response
    self.check_response(response, callback)
  File "/usr/local/lib/python3.7/site-packages/django/core/handlers/base.py", line 311, in check_response
    "instead." % name
ValueError: The view backend.api.views.change_brightness didn't return an HttpResponse object. It returned None instead.
"GET /api/brillo/central/50 HTTP/1.1" 500 57727
Not Found: /favicon.ico
"GET /favicon.ico HTTP/1.1" 404 2097
/code/backend/api/views.py changed, reloading.
Watching for file changes with StatReloader
/code/backend/api/views.py changed, reloading.
Watching for file changes with StatReloader
"GET /api/brillo/central/50 HTTP/1.1" 200 26
"GET /api/brillo/central/1 HTTP/1.1" 200 25
"GET /api/brillo/central/100 HTTP/1.1" 200 27
